  AssetManager.cpp
C:\Users\cflic\Documents\cplusplusprogramming\cplusplusprogramming\game1\game1\ECS\TileComponent.h(28,16): warning C4244: '=': conversion from 'int' to 'float', possible loss of data
C:\Users\cflic\Documents\cplusplusprogramming\cplusplusprogramming\game1\game1\ECS\TileComponent.h(29,16): warning C4244: '=': conversion from 'int' to 'float', possible loss of data
C:\Users\cflic\Documents\cplusplusprogramming\cplusplusprogramming\game1\game1\ECS\TileComponent.h(42,27): warning C4244: '=': conversion from 'float' to 'int', possible loss of data
C:\Users\cflic\Documents\cplusplusprogramming\cplusplusprogramming\game1\game1\ECS\TileComponent.h(43,27): warning C4244: '=': conversion from 'float' to 'int', possible loss of data
  Collision.cpp
C:\Users\cflic\Documents\cplusplusprogramming\cplusplusprogramming\game1\game1\ECS\TileComponent.h(28,16): warning C4244: '=': conversion from 'int' to 'float', possible loss of data
C:\Users\cflic\Documents\cplusplusprogramming\cplusplusprogramming\game1\game1\ECS\TileComponent.h(29,16): warning C4244: '=': conversion from 'int' to 'float', possible loss of data
C:\Users\cflic\Documents\cplusplusprogramming\cplusplusprogramming\game1\game1\ECS\TileComponent.h(42,27): warning C4244: '=': conversion from 'float' to 'int', possible loss of data
C:\Users\cflic\Documents\cplusplusprogramming\cplusplusprogramming\game1\game1\ECS\TileComponent.h(43,27): warning C4244: '=': conversion from 'float' to 'int', possible loss of data
  ECS.cpp
  Vector2D.cpp
  Game.cpp
C:\Users\cflic\Documents\cplusplusprogramming\cplusplusprogramming\game1\game1\ECS\TileComponent.h(28,16): warning C4244: '=': conversion from 'int' to 'float', possible loss of data
C:\Users\cflic\Documents\cplusplusprogramming\cplusplusprogramming\game1\game1\ECS\TileComponent.h(29,16): warning C4244: '=': conversion from 'int' to 'float', possible loss of data
C:\Users\cflic\Documents\cplusplusprogramming\cplusplusprogramming\game1\game1\ECS\TileComponent.h(42,27): warning C4244: '=': conversion from 'float' to 'int', possible loss of data
C:\Users\cflic\Documents\cplusplusprogramming\cplusplusprogramming\game1\game1\ECS\TileComponent.h(43,27): warning C4244: '=': conversion from 'float' to 'int', possible loss of data
C:\Users\cflic\Documents\cplusplusprogramming\cplusplusprogramming\game1\game1\Game.cpp(153,66): warning C4244: '=': conversion from 'float' to 'int', possible loss of data
C:\Users\cflic\Documents\cplusplusprogramming\cplusplusprogramming\game1\game1\Game.cpp(154,66): warning C4244: '=': conversion from 'float' to 'int', possible loss of data
  GameObject.cpp
  main.cpp
  Map.cpp
C:\Users\cflic\Documents\cplusplusprogramming\cplusplusprogramming\game1\game1\ECS\TileComponent.h(28,16): warning C4244: '=': conversion from 'int' to 'float', possible loss of data
C:\Users\cflic\Documents\cplusplusprogramming\cplusplusprogramming\game1\game1\ECS\TileComponent.h(29,16): warning C4244: '=': conversion from 'int' to 'float', possible loss of data
C:\Users\cflic\Documents\cplusplusprogramming\cplusplusprogramming\game1\game1\ECS\TileComponent.h(42,27): warning C4244: '=': conversion from 'float' to 'int', possible loss of data
C:\Users\cflic\Documents\cplusplusprogramming\cplusplusprogramming\game1\game1\ECS\TileComponent.h(43,27): warning C4244: '=': conversion from 'float' to 'int', possible loss of data
  TextureManager.cpp
  Generating Code...
  game1.vcxproj -> C:\Users\cflic\Documents\cplusplusprogramming\cplusplusprogramming\game1\Debug\game1.exe
